[10/17/2023 4:32:25 PM +00:00 VERBOSE] [Server] Starting...
[10/17/2023 4:32:25 PM +00:00 VERBOSE] [Server / Resource Manager] Starting...
[10/17/2023 4:32:25 PM +00:00 VERBOSE] [Server / Database] Starting...
[10/17/2023 4:32:25 PM +00:00 VERBOSE] [Server / Database] Started
[10/17/2023 4:32:25 PM +00:00 VERBOSE] [Server / Database] Non-Query: create table if not exists TableVersion(Name varchar(128) primary key,Version integer not null);
[10/17/2023 4:32:25 PM +00:00 VERBOSE] [Server / Database] Scalar: select Version from TableVersion where Name = User limit 1;
[10/17/2023 4:32:25 PM +00:00 VERBOSE] [Server / Database] Scalar: select Version from TableVersion where Name = UserAuthentication limit 1;
[10/17/2023 4:32:25 PM +00:00 VERBOSE] [Server / Database] Scalar: select Version from TableVersion where Name = StoragePool limit 1;
[10/17/2023 4:32:25 PM +00:00 VERBOSE] [Server / Database] Scalar: select Version from TableVersion where Name = Key limit 1;
[10/17/2023 4:32:25 PM +00:00 VERBOSE] [Server / Resource Manager] Started
[10/17/2023 4:32:25 PM +00:00 VERBOSE] [Server / SessionManager] Starting...
[10/17/2023 4:32:25 PM +00:00 VERBOSE] [Server / SessionManager] Started
[10/17/2023 4:32:25 PM +00:00 VERBOSE] [Server / Connections] Starting...
[10/17/2023 4:32:25 PM +00:00 VERBOSE] [Server / Connections] Started
[10/17/2023 4:32:25 PM +00:00 VERBOSE] [Server / Protocol Manager] Starting...
[10/17/2023 4:32:25 PM +00:00 VERBOSE] [Server / Protocol Manager / FTP] Starting...
[10/17/2023 4:32:25 PM +00:00 INFO] [Server / Connections] Connection factory is now running.
[10/17/2023 4:32:25 PM +00:00 VERBOSE] [Server / Protocol Manager / FTP] Started
[10/17/2023 4:32:25 PM +00:00 VERBOSE] [Server / Protocol Manager] Started
[10/17/2023 4:32:25 PM +00:00 VERBOSE] [Server] Started
[10/17/2023 4:32:25 PM +00:00 INFO] [Server] Server is now running.
